<?xml version="1.0" encoding="UTF-8"?>
<testsuite name="Firefox_120_Mac_OS.ZOOLU.UI.ColumnTree" errors="0" failures="0" tests="9" time="0.136">
<testcase classname="Firefox_120_Mac_OS.ZOOLU.UI.ColumnTree" name="test column tree instantiation" time="0.0030"/>
<testcase classname="Firefox_120_Mac_OS.ZOOLU.UI.ColumnTree" name="test column tree throw exception" time="0.0010"/>
<testcase classname="Firefox_120_Mac_OS.ZOOLU.UI.ColumnTree" name="test column tree load nodes" time="0.013"/>
<testcase classname="Firefox_120_Mac_OS.ZOOLU.UI.ColumnTree" name="test column tree load error" time="0.0080"/>
<testcase classname="Firefox_120_Mac_OS.ZOOLU.UI.ColumnTree" name="test column tree updateView error" time="0.013"/>
<testcase classname="Firefox_120_Mac_OS.ZOOLU.UI.ColumnTree" name="test column tree select node" time="0.034"/>
<testcase classname="Firefox_120_Mac_OS.ZOOLU.UI.ColumnTree" name="test column tree select nested node" time="0.046"/>
<testcase classname="Firefox_120_Mac_OS.ZOOLU.UI.ColumnTree" name="test update selected marker" time="0.018"/>
<testcase classname="Firefox_120_Mac_OS.ZOOLU.UI.ColumnTree" name="test ZOOLU.UI.Exception" time="0.0"/>
</testsuite>
