<?xml version="1.0" encoding="UTF-8"?>
<testsuite name="Safari_5345122_Mac_OS.ZOOLU.STORE" errors="0" failures="0" tests="3" time="0.029000001">
<testcase classname="Safari_5345122_Mac_OS.ZOOLU.STORE" name="test store get instance" time="0.0010"/>
<testcase classname="Safari_5345122_Mac_OS.ZOOLU.STORE" name="test store set cookie" time="0.027"/>
<testcase classname="Safari_5345122_Mac_OS.ZOOLU.STORE" name="test store get cookie" time="0.0010"/>
</testsuite>
