<?xml version="1.0" encoding="UTF-8"?>
<testsuite name="Microsoft_Internet_Explorer_80_Windows.ZOOLU.UI.Modal" errors="0" failures="0" tests="1" time="0.0">
<testcase classname="Microsoft_Internet_Explorer_80_Windows.ZOOLU.UI.Modal" name="test" time="0.0"/>
</testsuite>
