<?xml version="1.0" encoding="UTF-8"?>
<testsuite name="Safari_5345122_Mac_OS.ZOOLU.UI.Modal" errors="0" failures="0" tests="1" time="0.0">
<testcase classname="Safari_5345122_Mac_OS.ZOOLU.UI.Modal" name="test" time="0.0"/>
</testsuite>
