<?xml version="1.0" encoding="UTF-8"?>
<testsuite name="Firefox_120_Mac_OS.ZOOLU.UI.ColumnTree" errors="0" failures="0" tests="10" time="1.1370001">
<testcase classname="Firefox_120_Mac_OS.ZOOLU.UI.ColumnTree" name="test column tree instantiation" time="0.028"/>
<testcase classname="Firefox_120_Mac_OS.ZOOLU.UI.ColumnTree" name="test column tree throw exception" time="0.0010"/>
<testcase classname="Firefox_120_Mac_OS.ZOOLU.UI.ColumnTree" name="test column tree load nodes" time="0.085"/>
<testcase classname="Firefox_120_Mac_OS.ZOOLU.UI.ColumnTree" name="test column tree load error" time="0.033"/>
<testcase classname="Firefox_120_Mac_OS.ZOOLU.UI.ColumnTree" name="test column tree updateView error" time="0.098"/>
<testcase classname="Firefox_120_Mac_OS.ZOOLU.UI.ColumnTree" name="test column tree select node" time="0.2"/>
<testcase classname="Firefox_120_Mac_OS.ZOOLU.UI.ColumnTree" name="test column tree select nested node" time="0.287"/>
<testcase classname="Firefox_120_Mac_OS.ZOOLU.UI.ColumnTree" name="test column tree unselect nested node" time="0.32"/>
<testcase classname="Firefox_120_Mac_OS.ZOOLU.UI.ColumnTree" name="test update selected marker" time="0.084"/>
<testcase classname="Firefox_120_Mac_OS.ZOOLU.UI.ColumnTree" name="test ZOOLU.UI.Exception" time="0.0010"/>
</testsuite>
