<?xml version="1.0" encoding="UTF-8"?>
<testsuite name="Microsoft_Internet_Explorer_70_Windows.ZOOLU.UI.Layout" errors="0" failures="0" tests="10" time="0.323">
<testcase classname="Microsoft_Internet_Explorer_70_Windows.ZOOLU.UI.Layout" name="test Layout and layout.panel instantiation" time="0.03"/>
<testcase classname="Microsoft_Internet_Explorer_70_Windows.ZOOLU.UI.Layout" name="test layout update dimension" time="0.033"/>
<testcase classname="Microsoft_Internet_Explorer_70_Windows.ZOOLU.UI.Layout" name="test layout.panel add minimizer" time="0.028"/>
<testcase classname="Microsoft_Internet_Explorer_70_Windows.ZOOLU.UI.Layout" name="test layout.panel apply stored dimensions" time="0.042"/>
<testcase classname="Microsoft_Internet_Explorer_70_Windows.ZOOLU.UI.Layout" name="test layout.panel minimize" time="0.045"/>
<testcase classname="Microsoft_Internet_Explorer_70_Windows.ZOOLU.UI.Layout" name="test layout.panel maximize" time="0.049"/>
<testcase classname="Microsoft_Internet_Explorer_70_Windows.ZOOLU.UI.Layout" name="test layout.panel resize" time="0.029"/>
<testcase classname="Microsoft_Internet_Explorer_70_Windows.ZOOLU.UI.Layout" name="test layout.panel update dimension" time="0.023"/>
<testcase classname="Microsoft_Internet_Explorer_70_Windows.ZOOLU.UI.Layout" name="test layout.panel set position left" time="0.022"/>
<testcase classname="Microsoft_Internet_Explorer_70_Windows.ZOOLU.UI.Layout" name="test layout.panel set position top" time="0.022"/>
</testsuite>
