<?xml version="1.0" encoding="UTF-8"?>
<testsuite name="Firefox_120_Mac_OS.ZOOLU.UI.ColumnTree" errors="0" failures="0" tests="10" time="0.22700001">
<testcase classname="Firefox_120_Mac_OS.ZOOLU.UI.ColumnTree" name="test column tree instantiation" time="0.0050"/>
<testcase classname="Firefox_120_Mac_OS.ZOOLU.UI.ColumnTree" name="test column tree throw exception" time="0.0030"/>
<testcase classname="Firefox_120_Mac_OS.ZOOLU.UI.ColumnTree" name="test column tree load nodes" time="0.018"/>
<testcase classname="Firefox_120_Mac_OS.ZOOLU.UI.ColumnTree" name="test column tree load error" time="0.012"/>
<testcase classname="Firefox_120_Mac_OS.ZOOLU.UI.ColumnTree" name="test column tree updateView error" time="0.016"/>
<testcase classname="Firefox_120_Mac_OS.ZOOLU.UI.ColumnTree" name="test column tree select node" time="0.038"/>
<testcase classname="Firefox_120_Mac_OS.ZOOLU.UI.ColumnTree" name="test column tree select nested node" time="0.06"/>
<testcase classname="Firefox_120_Mac_OS.ZOOLU.UI.ColumnTree" name="test column tree unselect nested node" time="0.054"/>
<testcase classname="Firefox_120_Mac_OS.ZOOLU.UI.ColumnTree" name="test update selected marker" time="0.018"/>
<testcase classname="Firefox_120_Mac_OS.ZOOLU.UI.ColumnTree" name="test ZOOLU.UI.Exception" time="0.0030"/>
</testsuite>
