<?xml version="1.0" encoding="UTF-8"?>
<testsuite name="Safari_5345122_Mac_OS.ZOOLU.UI.Layout" errors="0" failures="0" tests="10" time="0.064">
<testcase classname="Safari_5345122_Mac_OS.ZOOLU.UI.Layout" name="test Layout and layout.panel instantiation" time="0.0090"/>
<testcase classname="Safari_5345122_Mac_OS.ZOOLU.UI.Layout" name="test layout update dimension" time="0.0060"/>
<testcase classname="Safari_5345122_Mac_OS.ZOOLU.UI.Layout" name="test layout.panel add minimizer" time="0.0060"/>
<testcase classname="Safari_5345122_Mac_OS.ZOOLU.UI.Layout" name="test layout.panel apply stored dimensions" time="0.0070"/>
<testcase classname="Safari_5345122_Mac_OS.ZOOLU.UI.Layout" name="test layout.panel minimize" time="0.011"/>
<testcase classname="Safari_5345122_Mac_OS.ZOOLU.UI.Layout" name="test layout.panel maximize" time="0.0070"/>
<testcase classname="Safari_5345122_Mac_OS.ZOOLU.UI.Layout" name="test layout.panel resize" time="0.0050"/>
<testcase classname="Safari_5345122_Mac_OS.ZOOLU.UI.Layout" name="test layout.panel update dimension" time="0.0040"/>
<testcase classname="Safari_5345122_Mac_OS.ZOOLU.UI.Layout" name="test layout.panel set position left" time="0.0040"/>
<testcase classname="Safari_5345122_Mac_OS.ZOOLU.UI.Layout" name="test layout.panel set position top" time="0.0050"/>
</testsuite>
