<?xml version="1.0" encoding="UTF-8"?>
<testsuite name="Microsoft_Internet_Explorer_70_Windows.ZOOLU.UI.Layout" errors="0" failures="0" tests="14" time="0.431">
<testcase classname="Microsoft_Internet_Explorer_70_Windows.ZOOLU.UI.Layout" name="test layout throw exception" time="0.0050"/>
<testcase classname="Microsoft_Internet_Explorer_70_Windows.ZOOLU.UI.Layout" name="test layout.panel throw exception" time="0.0050"/>
<testcase classname="Microsoft_Internet_Explorer_70_Windows.ZOOLU.UI.Layout" name="test layout and layout.panel instantiation" time="0.031"/>
<testcase classname="Microsoft_Internet_Explorer_70_Windows.ZOOLU.UI.Layout" name="test layout update dimension" time="0.032"/>
<testcase classname="Microsoft_Internet_Explorer_70_Windows.ZOOLU.UI.Layout" name="test layout.panel add minimizer" time="0.034"/>
<testcase classname="Microsoft_Internet_Explorer_70_Windows.ZOOLU.UI.Layout" name="test layout.panel apply stored dimensions" time="0.036"/>
<testcase classname="Microsoft_Internet_Explorer_70_Windows.ZOOLU.UI.Layout" name="test layout.panel minimize" time="0.052"/>
<testcase classname="Microsoft_Internet_Explorer_70_Windows.ZOOLU.UI.Layout" name="test layout.panel maximize" time="0.037"/>
<testcase classname="Microsoft_Internet_Explorer_70_Windows.ZOOLU.UI.Layout" name="test layout.panel resize" time="0.03"/>
<testcase classname="Microsoft_Internet_Explorer_70_Windows.ZOOLU.UI.Layout" name="test layout.panel minimizer click" time="0.054"/>
<testcase classname="Microsoft_Internet_Explorer_70_Windows.ZOOLU.UI.Layout" name="test layout.panel toggle handler events" time="0.046"/>
<testcase classname="Microsoft_Internet_Explorer_70_Windows.ZOOLU.UI.Layout" name="test layout.panel update dimension" time="0.024"/>
<testcase classname="Microsoft_Internet_Explorer_70_Windows.ZOOLU.UI.Layout" name="test layout.panel set position left" time="0.023"/>
<testcase classname="Microsoft_Internet_Explorer_70_Windows.ZOOLU.UI.Layout" name="test layout.panel set position top" time="0.022"/>
</testsuite>
