<?xml version="1.0" encoding="UTF-8"?>
<<<<<<< HEAD
<testsuite name="Safari_5345122_Mac_OS.ZOOLU.UI" errors="0" failures="0" tests="4" time="0.022999998">
<testcase classname="Safari_5345122_Mac_OS.ZOOLU.UI" name="test column tree instantiation" time="0.0030"/>
<testcase classname="Safari_5345122_Mac_OS.ZOOLU.UI" name="test column tree load nodes" time="0.0090"/>
<testcase classname="Safari_5345122_Mac_OS.ZOOLU.UI" name="test column tree select node" time="0.0060"/>
<testcase classname="Safari_5345122_Mac_OS.ZOOLU.UI" name="test column tree select nested node" time="0.0050"/>
=======
<testsuite name="Safari_5345122_Mac_OS.ZOOLU.UI" errors="0" failures="1" tests="7" time="0.038999997">
<testcase classname="Safari_5345122_Mac_OS.ZOOLU.UI" name="test column tree instantiation" time="0.0070"/>
<testcase classname="Safari_5345122_Mac_OS.ZOOLU.UI" name="test column tree throw exception" time="0.0010"/>
<testcase classname="Safari_5345122_Mac_OS.ZOOLU.UI" name="test column tree load nodes" time="0.01"/>
<testcase classname="Safari_5345122_Mac_OS.ZOOLU.UI" name="test column tree load error" time="0.0020">
<failure type="failed" message="[{&quot;message&quot;:&quot;Error log from AJAX-Request expected \&quot;asdf\&quot; but was {}&quot;,&quot;name&quot;:&quot;AssertError&quot;}]">

</failure>
</testcase>
<testcase classname="Safari_5345122_Mac_OS.ZOOLU.UI" name="test column tree select node" time="0.01"/>
<testcase classname="Safari_5345122_Mac_OS.ZOOLU.UI" name="test column tree select nested node" time="0.0090"/>
<testcase classname="Safari_5345122_Mac_OS.ZOOLU.UI" name="test ZOOLU.UI.Exception" time="0.0"/>
>>>>>>> origin/tests
</testsuite>
