<?xml version="1.0" encoding="UTF-8"?>
<testsuite name="Firefox_120_Mac_OS.ZOOLU.UTIL" errors="0" failures="0" tests="3" time="0.058">
<testcase classname="Firefox_120_Mac_OS.ZOOLU.UTIL" name="test truncate" time="0.02"/>
<testcase classname="Firefox_120_Mac_OS.ZOOLU.UTIL" name="test truncate at word boundaries" time="0.019"/>
<testcase classname="Firefox_120_Mac_OS.ZOOLU.UTIL" name="test truncate in between" time="0.019"/>
</testsuite>
