<?xml version="1.0" encoding="UTF-8"?>
<testsuite name="Microsoft_Internet_Explorer_70_Windows.ZOOLU.UI.Layout" errors="0" failures="0" tests="10" time="0.299">
<testcase classname="Microsoft_Internet_Explorer_70_Windows.ZOOLU.UI.Layout" name="test Layout and layout.panel instantiation" time="0.029"/>
<testcase classname="Microsoft_Internet_Explorer_70_Windows.ZOOLU.UI.Layout" name="test layout update dimension" time="0.032"/>
<testcase classname="Microsoft_Internet_Explorer_70_Windows.ZOOLU.UI.Layout" name="test layout.panel add minimizer" time="0.029"/>
<testcase classname="Microsoft_Internet_Explorer_70_Windows.ZOOLU.UI.Layout" name="test layout.panel apply stored dimensions" time="0.034"/>
<testcase classname="Microsoft_Internet_Explorer_70_Windows.ZOOLU.UI.Layout" name="test layout.panel minimize" time="0.044"/>
<testcase classname="Microsoft_Internet_Explorer_70_Windows.ZOOLU.UI.Layout" name="test layout.panel maximize" time="0.035"/>
<testcase classname="Microsoft_Internet_Explorer_70_Windows.ZOOLU.UI.Layout" name="test layout.panel resize" time="0.03"/>
<testcase classname="Microsoft_Internet_Explorer_70_Windows.ZOOLU.UI.Layout" name="test layout.panel update dimension" time="0.024"/>
<testcase classname="Microsoft_Internet_Explorer_70_Windows.ZOOLU.UI.Layout" name="test layout.panel set position left" time="0.021"/>
<testcase classname="Microsoft_Internet_Explorer_70_Windows.ZOOLU.UI.Layout" name="test layout.panel set position top" time="0.021"/>
</testsuite>
