<?xml version="1.0" encoding="UTF-8"?>
<testsuite name="Firefox_120_Mac_OS.ZOOLU.UI.Dropdown" errors="0" failures="0" tests="9" time="0.07">
<testcase classname="Firefox_120_Mac_OS.ZOOLU.UI.Dropdown" name="test dropdown instantiation" time="0.0070"/>
<testcase classname="Firefox_120_Mac_OS.ZOOLU.UI.Dropdown" name="test dropdown instantiation exception" time="0.0030"/>
<testcase classname="Firefox_120_Mac_OS.ZOOLU.UI.Dropdown" name="test dropdown get dropdown container" time="0.0060"/>
<testcase classname="Firefox_120_Mac_OS.ZOOLU.UI.Dropdown" name="test dropdown add CSS" time="0.0050"/>
<testcase classname="Firefox_120_Mac_OS.ZOOLU.UI.Dropdown" name="test dropdown add CSS exception" time="0.0060"/>
<testcase classname="Firefox_120_Mac_OS.ZOOLU.UI.Dropdown" name="test dropdown bind events" time="0.011"/>
<testcase classname="Firefox_120_Mac_OS.ZOOLU.UI.Dropdown" name="test dropdown open" time="0.013"/>
<testcase classname="Firefox_120_Mac_OS.ZOOLU.UI.Dropdown" name="test dropdown close" time="0.014"/>
<testcase classname="Firefox_120_Mac_OS.ZOOLU.UI.Dropdown" name="test dropdown toggle" time="0.0050"/>
</testsuite>
