<?xml version="1.0" encoding="UTF-8"?>
<testsuite name="Firefox_120_Mac_OS.ZOOLU.UI.Layout" errors="0" failures="0" tests="14" time="1.8770001">
<testcase classname="Firefox_120_Mac_OS.ZOOLU.UI.Layout" name="test layout throw exception" time="0.0020"/>
<testcase classname="Firefox_120_Mac_OS.ZOOLU.UI.Layout" name="test layout.panel throw exception" time="0.0010"/>
<testcase classname="Firefox_120_Mac_OS.ZOOLU.UI.Layout" name="test layout and layout.panel instantiation" time="0.127"/>
<testcase classname="Firefox_120_Mac_OS.ZOOLU.UI.Layout" name="test layout update dimension" time="0.137"/>
<testcase classname="Firefox_120_Mac_OS.ZOOLU.UI.Layout" name="test layout.panel add minimizer" time="0.13"/>
<testcase classname="Firefox_120_Mac_OS.ZOOLU.UI.Layout" name="test layout.panel apply stored dimensions" time="0.127"/>
<testcase classname="Firefox_120_Mac_OS.ZOOLU.UI.Layout" name="test layout.panel minimize" time="0.164"/>
<testcase classname="Firefox_120_Mac_OS.ZOOLU.UI.Layout" name="test layout.panel maximize" time="0.357"/>
<testcase classname="Firefox_120_Mac_OS.ZOOLU.UI.Layout" name="test layout.panel resize" time="0.131"/>
<testcase classname="Firefox_120_Mac_OS.ZOOLU.UI.Layout" name="test layout.panel minimizer click" time="0.227"/>
<testcase classname="Firefox_120_Mac_OS.ZOOLU.UI.Layout" name="test layout.panel toggle handler events" time="0.175"/>
<testcase classname="Firefox_120_Mac_OS.ZOOLU.UI.Layout" name="test layout.panel update dimension" time="0.1"/>
<testcase classname="Firefox_120_Mac_OS.ZOOLU.UI.Layout" name="test layout.panel set position left" time="0.1"/>
<testcase classname="Firefox_120_Mac_OS.ZOOLU.UI.Layout" name="test layout.panel set position top" time="0.099"/>
</testsuite>
