<?xml version="1.0" encoding="UTF-8"?>
<testsuite name="Safari_5345122_Mac_OS.ZOOLU.UI" errors="0" failures="0" tests="4" time="0.024">
<testcase classname="Safari_5345122_Mac_OS.ZOOLU.UI" name="test column tree instantiation" time="0.0040"/>
<testcase classname="Safari_5345122_Mac_OS.ZOOLU.UI" name="test column tree load nodes" time="0.0090"/>
<testcase classname="Safari_5345122_Mac_OS.ZOOLU.UI" name="test column tree select node" time="0.0060"/>
<testcase classname="Safari_5345122_Mac_OS.ZOOLU.UI" name="test column tree select nested node" time="0.0050"/>
</testsuite>
