<?xml version="1.0" encoding="UTF-8"?>
<testsuite name="Safari_5345122_Mac_OS.ZOOLU.UI.Layout" errors="0" failures="0" tests="14" time="0.106">
<testcase classname="Safari_5345122_Mac_OS.ZOOLU.UI.Layout" name="test layout throw exception" time="0.0020"/>
<testcase classname="Safari_5345122_Mac_OS.ZOOLU.UI.Layout" name="test layout.panel throw exception" time="0.0010"/>
<testcase classname="Safari_5345122_Mac_OS.ZOOLU.UI.Layout" name="test layout and layout.panel instantiation" time="0.01"/>
<testcase classname="Safari_5345122_Mac_OS.ZOOLU.UI.Layout" name="test layout update dimension" time="0.0060"/>
<testcase classname="Safari_5345122_Mac_OS.ZOOLU.UI.Layout" name="test layout.panel add minimizer" time="0.0090"/>
<testcase classname="Safari_5345122_Mac_OS.ZOOLU.UI.Layout" name="test layout.panel apply stored dimensions" time="0.01"/>
<testcase classname="Safari_5345122_Mac_OS.ZOOLU.UI.Layout" name="test layout.panel minimize" time="0.011"/>
<testcase classname="Safari_5345122_Mac_OS.ZOOLU.UI.Layout" name="test layout.panel maximize" time="0.0080"/>
<testcase classname="Safari_5345122_Mac_OS.ZOOLU.UI.Layout" name="test layout.panel resize" time="0.0080"/>
<testcase classname="Safari_5345122_Mac_OS.ZOOLU.UI.Layout" name="test layout.panel minimizer click" time="0.014"/>
<testcase classname="Safari_5345122_Mac_OS.ZOOLU.UI.Layout" name="test layout.panel toggle handler events" time="0.0090"/>
<testcase classname="Safari_5345122_Mac_OS.ZOOLU.UI.Layout" name="test layout.panel update dimension" time="0.0050"/>
<testcase classname="Safari_5345122_Mac_OS.ZOOLU.UI.Layout" name="test layout.panel set position left" time="0.0070"/>
<testcase classname="Safari_5345122_Mac_OS.ZOOLU.UI.Layout" name="test layout.panel set position top" time="0.0060"/>
</testsuite>
