<?xml version="1.0" encoding="UTF-8"?>
<testsuite name="Firefox_120_Mac_OS.ZOOLU.UI.ColumnTree" errors="0" failures="0" tests="9" time="0.7509999">
<testcase classname="Firefox_120_Mac_OS.ZOOLU.UI.ColumnTree" name="test column tree instantiation" time="0.014"/>
<testcase classname="Firefox_120_Mac_OS.ZOOLU.UI.ColumnTree" name="test column tree throw exception" time="0.0020"/>
<testcase classname="Firefox_120_Mac_OS.ZOOLU.UI.ColumnTree" name="test column tree load nodes" time="0.082"/>
<testcase classname="Firefox_120_Mac_OS.ZOOLU.UI.ColumnTree" name="test column tree load error" time="0.027"/>
<testcase classname="Firefox_120_Mac_OS.ZOOLU.UI.ColumnTree" name="test column tree updateView error" time="0.08"/>
<testcase classname="Firefox_120_Mac_OS.ZOOLU.UI.ColumnTree" name="test column tree select node" time="0.191"/>
<testcase classname="Firefox_120_Mac_OS.ZOOLU.UI.ColumnTree" name="test column tree select nested node" time="0.274"/>
<testcase classname="Firefox_120_Mac_OS.ZOOLU.UI.ColumnTree" name="test update selected marker" time="0.081"/>
<testcase classname="Firefox_120_Mac_OS.ZOOLU.UI.ColumnTree" name="test ZOOLU.UI.Exception" time="0.0"/>
</testsuite>
