<?xml version="1.0" encoding="UTF-8"?>
<testsuite name="Microsoft_Internet_Explorer_80_Windows.ZOOLU.UI.Modal" errors="0" failures="0" tests="16" time="0.107999995">
<testcase classname="Microsoft_Internet_Explorer_80_Windows.ZOOLU.UI.Modal" name="test initialize modal view " time="0.0"/>
<testcase classname="Microsoft_Internet_Explorer_80_Windows.ZOOLU.UI.Modal" name="test modal add css" time="0.0010"/>
<testcase classname="Microsoft_Internet_Explorer_80_Windows.ZOOLU.UI.Modal" name="test modal initialize css" time="0.0010"/>
<testcase classname="Microsoft_Internet_Explorer_80_Windows.ZOOLU.UI.Modal" name="test modal build overlay" time="0.0010"/>
<testcase classname="Microsoft_Internet_Explorer_80_Windows.ZOOLU.UI.Modal" name="test initialize the modal view dom" time="0.0010"/>
<testcase classname="Microsoft_Internet_Explorer_80_Windows.ZOOLU.UI.Modal" name="test initialize the header dom" time="0.0030"/>
<testcase classname="Microsoft_Internet_Explorer_80_Windows.ZOOLU.UI.Modal" name="test initialize the content dom" time="0.0020"/>
<testcase classname="Microsoft_Internet_Explorer_80_Windows.ZOOLU.UI.Modal" name="test modal view add content" time="0.0010"/>
<testcase classname="Microsoft_Internet_Explorer_80_Windows.ZOOLU.UI.Modal" name="test modal view add footer buttons" time="0.0"/>
<testcase classname="Microsoft_Internet_Explorer_80_Windows.ZOOLU.UI.Modal" name="test add footer buttons exception" time="0.0"/>
<testcase classname="Microsoft_Internet_Explorer_80_Windows.ZOOLU.UI.Modal" name="test initzialize footer buttons" time="0.0020"/>
<testcase classname="Microsoft_Internet_Explorer_80_Windows.ZOOLU.UI.Modal" name="test initialize the footer dom" time="0.0040"/>
<testcase classname="Microsoft_Internet_Explorer_80_Windows.ZOOLU.UI.Modal" name="test modal view set position" time="0.0050"/>
<testcase classname="Microsoft_Internet_Explorer_80_Windows.ZOOLU.UI.Modal" name="test modal view display - fadein" time="0.029"/>
<testcase classname="Microsoft_Internet_Explorer_80_Windows.ZOOLU.UI.Modal" name="test modal view close" time="0.022"/>
<testcase classname="Microsoft_Internet_Explorer_80_Windows.ZOOLU.UI.Modal" name="test initialize box events" time="0.036"/>
</testsuite>
