<?xml version="1.0" encoding="UTF-8"?>
<testsuite name="Firefox_120_Mac_OS.ZOOLU.UI" errors="0" failures="0" tests="9" time="0.133">
<testcase classname="Firefox_120_Mac_OS.ZOOLU.UI" name="test column tree instantiation" time="0.0040"/>
<testcase classname="Firefox_120_Mac_OS.ZOOLU.UI" name="test column tree throw exception" time="0.0010"/>
<testcase classname="Firefox_120_Mac_OS.ZOOLU.UI" name="test column tree load nodes" time="0.013"/>
<testcase classname="Firefox_120_Mac_OS.ZOOLU.UI" name="test column tree load error" time="0.0080"/>
<testcase classname="Firefox_120_Mac_OS.ZOOLU.UI" name="test column tree updateView error" time="0.017"/>
<testcase classname="Firefox_120_Mac_OS.ZOOLU.UI" name="test column tree select node" time="0.032"/>
<testcase classname="Firefox_120_Mac_OS.ZOOLU.UI" name="test column tree select nested node" time="0.043"/>
<testcase classname="Firefox_120_Mac_OS.ZOOLU.UI" name="test update selected marker" time="0.014"/>
<testcase classname="Firefox_120_Mac_OS.ZOOLU.UI" name="test ZOOLU.UI.Exception" time="0.0010"/>
</testsuite>
