<?xml version="1.0" encoding="UTF-8"?>
<testsuite name="Safari_5345122_Mac_OS.ZOOLU.UI.ColumnTree" errors="0" failures="0" tests="10" time="0.058000002">
<testcase classname="Safari_5345122_Mac_OS.ZOOLU.UI.ColumnTree" name="test column tree instantiation" time="0.0020"/>
<testcase classname="Safari_5345122_Mac_OS.ZOOLU.UI.ColumnTree" name="test column tree throw exception" time="0.0"/>
<testcase classname="Safari_5345122_Mac_OS.ZOOLU.UI.ColumnTree" name="test column tree load nodes" time="0.011"/>
<testcase classname="Safari_5345122_Mac_OS.ZOOLU.UI.ColumnTree" name="test column tree load error" time="0.0030"/>
<testcase classname="Safari_5345122_Mac_OS.ZOOLU.UI.ColumnTree" name="test column tree updateView error" time="0.0030"/>
<testcase classname="Safari_5345122_Mac_OS.ZOOLU.UI.ColumnTree" name="test column tree select node" time="0.0080"/>
<testcase classname="Safari_5345122_Mac_OS.ZOOLU.UI.ColumnTree" name="test column tree select nested node" time="0.011"/>
<testcase classname="Safari_5345122_Mac_OS.ZOOLU.UI.ColumnTree" name="test column tree unselect nested node" time="0.015"/>
<testcase classname="Safari_5345122_Mac_OS.ZOOLU.UI.ColumnTree" name="test update selected marker" time="0.0030"/>
<testcase classname="Safari_5345122_Mac_OS.ZOOLU.UI.ColumnTree" name="test ZOOLU.UI.Exception" time="0.0020"/>
</testsuite>
