<?xml version="1.0" encoding="UTF-8"?>
<testsuite name="Safari_5345122_Mac_OS.ZOOLU.MIXIN" errors="0" failures="0" tests="4" time="0.0020">
<testcase classname="Safari_5345122_Mac_OS.ZOOLU.MIXIN" name="test enable" time="0.0020"/>
<testcase classname="Safari_5345122_Mac_OS.ZOOLU.MIXIN" name="test on" time="0.0"/>
<testcase classname="Safari_5345122_Mac_OS.ZOOLU.MIXIN" name="test trigger" time="0.0"/>
<testcase classname="Safari_5345122_Mac_OS.ZOOLU.MIXIN" name="test off" time="0.0"/>
</testsuite>
