<?xml version="1.0" encoding="UTF-8"?>
<testsuite name="Firefox_120_Mac_OS.ZOOLU.UI.Layout" errors="0" failures="0" tests="1" time="0.059">
<testcase classname="Firefox_120_Mac_OS.ZOOLU.UI.Layout" name="test Layout instantiation" time="0.059"/>
</testsuite>
