<?xml version="1.0" encoding="UTF-8"?>
<testsuite name="Firefox_120_Mac_OS.ZOOLU.UI.Modal" errors="0" failures="0" tests="16" time="0.4">
<testcase classname="Firefox_120_Mac_OS.ZOOLU.UI.Modal" name="test initialize modal view " time="0.02"/>
<testcase classname="Firefox_120_Mac_OS.ZOOLU.UI.Modal" name="test modal add css" time="0.01"/>
<testcase classname="Firefox_120_Mac_OS.ZOOLU.UI.Modal" name="test modal initialize css" time="0.0090"/>
<testcase classname="Firefox_120_Mac_OS.ZOOLU.UI.Modal" name="test modal build overlay" time="0.015"/>
<testcase classname="Firefox_120_Mac_OS.ZOOLU.UI.Modal" name="test initialize the modal view dom" time="0.013"/>
<testcase classname="Firefox_120_Mac_OS.ZOOLU.UI.Modal" name="test initialize the header dom" time="0.014"/>
<testcase classname="Firefox_120_Mac_OS.ZOOLU.UI.Modal" name="test initialize the content dom" time="0.018"/>
<testcase classname="Firefox_120_Mac_OS.ZOOLU.UI.Modal" name="test modal view add content" time="0.011"/>
<testcase classname="Firefox_120_Mac_OS.ZOOLU.UI.Modal" name="test modal view add footer buttons" time="0.0080"/>
<testcase classname="Firefox_120_Mac_OS.ZOOLU.UI.Modal" name="test add footer buttons exception" time="0.015"/>
<testcase classname="Firefox_120_Mac_OS.ZOOLU.UI.Modal" name="test initzialize footer buttons" time="0.017"/>
<testcase classname="Firefox_120_Mac_OS.ZOOLU.UI.Modal" name="test initialize the footer dom" time="0.025"/>
<testcase classname="Firefox_120_Mac_OS.ZOOLU.UI.Modal" name="test modal view set position" time="0.036"/>
<testcase classname="Firefox_120_Mac_OS.ZOOLU.UI.Modal" name="test modal view display - fadein" time="0.068"/>
<testcase classname="Firefox_120_Mac_OS.ZOOLU.UI.Modal" name="test modal view close" time="0.072"/>
<testcase classname="Firefox_120_Mac_OS.ZOOLU.UI.Modal" name="test initialize box events" time="0.049"/>
</testsuite>
