<?xml version="1.0" encoding="UTF-8"?>
<testsuite name="Microsoft_Internet_Explorer_80_Windows.ZOOLU.STORE" errors="0" failures="0" tests="3" time="0.0">
<testcase classname="Microsoft_Internet_Explorer_80_Windows.ZOOLU.STORE" name="test store get instance" time="0.0"/>
<testcase classname="Microsoft_Internet_Explorer_80_Windows.ZOOLU.STORE" name="test store set cookie" time="0.0"/>
<testcase classname="Microsoft_Internet_Explorer_80_Windows.ZOOLU.STORE" name="test store get cookie" time="0.0"/>
</testsuite>
