<?xml version="1.0" encoding="UTF-8"?>
<testsuite name="Firefox_120_Mac_OS.ZOOLU.UI" errors="0" failures="0" tests="4" time="0.094000004">
<testcase classname="Firefox_120_Mac_OS.ZOOLU.UI" name="test column tree instantiation" time="0.0040"/>
<testcase classname="Firefox_120_Mac_OS.ZOOLU.UI" name="test column tree load nodes" time="0.013"/>
<testcase classname="Firefox_120_Mac_OS.ZOOLU.UI" name="test column tree select node" time="0.034"/>
<testcase classname="Firefox_120_Mac_OS.ZOOLU.UI" name="test column tree select nested node" time="0.043"/>
</testsuite>
