<?xml version="1.0" encoding="UTF-8"?>
<testsuite name="Microsoft_Internet_Explorer_80_Windows.ZOOLU.UI.Tablelist" errors="0" failures="0" tests="29" time="0.496">
<testcase classname="Microsoft_Internet_Explorer_80_Windows.ZOOLU.UI.Tablelist" name="test tablelist instantiation" time="0.0040"/>
<testcase classname="Microsoft_Internet_Explorer_80_Windows.ZOOLU.UI.Tablelist" name="test tablelist instantiation exception" time="0.0010"/>
<testcase classname="Microsoft_Internet_Explorer_80_Windows.ZOOLU.UI.Tablelist" name="test tablelist build" time="0.039"/>
<testcase classname="Microsoft_Internet_Explorer_80_Windows.ZOOLU.UI.Tablelist" name="test tablelist initialize" time="0.034"/>
<testcase classname="Microsoft_Internet_Explorer_80_Windows.ZOOLU.UI.Tablelist" name="test tablelist initialize table header" time="0.018"/>
<testcase classname="Microsoft_Internet_Explorer_80_Windows.ZOOLU.UI.Tablelist" name="test tablelist initialize table header exceptions" time="0.0020"/>
<testcase classname="Microsoft_Internet_Explorer_80_Windows.ZOOLU.UI.Tablelist" name="test tablelist initialize table body" time="0.018"/>
<testcase classname="Microsoft_Internet_Explorer_80_Windows.ZOOLU.UI.Tablelist" name="test tablelist initialize table body exceptions" time="0.0020"/>
<testcase classname="Microsoft_Internet_Explorer_80_Windows.ZOOLU.UI.Tablelist" name="test tablelist initialize pagination" time="0.02"/>
<testcase classname="Microsoft_Internet_Explorer_80_Windows.ZOOLU.UI.Tablelist" name="test tablelist initialize pagination exception" time="0.0020"/>
<testcase classname="Microsoft_Internet_Explorer_80_Windows.ZOOLU.UI.Tablelist" name="test tablelist reset" time="0.019"/>
<testcase classname="Microsoft_Internet_Explorer_80_Windows.ZOOLU.UI.Tablelist" name="test tablelist load JSON" time="0.018"/>
<testcase classname="Microsoft_Internet_Explorer_80_Windows.ZOOLU.UI.Tablelist" name="test tablelist get PageEntries options" time="0.017"/>
<testcase classname="Microsoft_Internet_Explorer_80_Windows.ZOOLU.UI.Tablelist" name="test tablelist get Pagination options" time="0.017"/>
<testcase classname="Microsoft_Internet_Explorer_80_Windows.ZOOLU.UI.Tablelist" name="test tablelist hide pagination buttons" time="0.019"/>
<testcase classname="Microsoft_Internet_Explorer_80_Windows.ZOOLU.UI.Tablelist" name="test tablelist add checkboxes" time="0.019"/>
<testcase classname="Microsoft_Internet_Explorer_80_Windows.ZOOLU.UI.Tablelist" name="test tablelist add row CSS-Class" time="0.019"/>
<testcase classname="Microsoft_Internet_Explorer_80_Windows.ZOOLU.UI.Tablelist" name="test tablelist get URI" time="0.02"/>
<testcase classname="Microsoft_Internet_Explorer_80_Windows.ZOOLU.UI.Tablelist" name="test tablelist change page entries" time="0.024"/>
<testcase classname="Microsoft_Internet_Explorer_80_Windows.ZOOLU.UI.Tablelist" name="test tablelist change page" time="0.023"/>
<testcase classname="Microsoft_Internet_Explorer_80_Windows.ZOOLU.UI.Tablelist" name="test tablelist sort" time="0.019"/>
<testcase classname="Microsoft_Internet_Explorer_80_Windows.ZOOLU.UI.Tablelist" name="test tablelist select" time="0.017"/>
<testcase classname="Microsoft_Internet_Explorer_80_Windows.ZOOLU.UI.Tablelist" name="test tablelist unselect" time="0.018"/>
<testcase classname="Microsoft_Internet_Explorer_80_Windows.ZOOLU.UI.Tablelist" name="test tablelist toggle" time="0.017"/>
<testcase classname="Microsoft_Internet_Explorer_80_Windows.ZOOLU.UI.Tablelist" name="test tablelist select all" time="0.018"/>
<testcase classname="Microsoft_Internet_Explorer_80_Windows.ZOOLU.UI.Tablelist" name="test tablelist unselect all" time="0.018"/>
<testcase classname="Microsoft_Internet_Explorer_80_Windows.ZOOLU.UI.Tablelist" name="test tablelist toggle all" time="0.018"/>
<testcase classname="Microsoft_Internet_Explorer_80_Windows.ZOOLU.UI.Tablelist" name="test tablelist observe select" time="0.018"/>
<testcase classname="Microsoft_Internet_Explorer_80_Windows.ZOOLU.UI.Tablelist" name="test tablelist get selected rows" time="0.018"/>
</testsuite>
