<?xml version="1.0" encoding="UTF-8"?>
<testsuite name="Chrome_190108452_Mac_OS.ZOOLU" errors="0" failures="0" tests="1" time="0.0010">
<testcase classname="Chrome_190108452_Mac_OS.ZOOLU" name="test version" time="0.0010"/>
</testsuite>
