<?xml version="1.0" encoding="UTF-8"?>
<testsuite name="Microsoft_Internet_Explorer_70_Windows.ZOOLU.UI.Layout" errors="1" failures="6" tests="14" time="0.19500001">
<testcase classname="Microsoft_Internet_Explorer_70_Windows.ZOOLU.UI.Layout" name="test layout.panel add minimizer" time="0.0070">
<failure type="failed" message="[{&quot;message&quot;:&quot;Layout instantiation&quot;,&quot;name&quot;:&quot;AssertError&quot;,&quot;description&quot;:&quot;Layout instantiation&quot;}]">

</failure>
</testcase>
<testcase classname="Microsoft_Internet_Explorer_70_Windows.ZOOLU.UI.Layout" name="test layout.panel apply stored dimensions" time="0.0040">
<error type="error">[{"message":"F\u00fcr die Eigenschaft \"replace\" kann kein Wert abgerufen werden: Das Objekt ist Null oder undefiniert","name":"TypeError","description":"F\u00fcr die Eigenschaft \"replace\" kann kein Wert abgerufen werden: Das Objekt ist Null oder undefiniert","number":-2146823281}]</error>
</testcase>
<testcase classname="Microsoft_Internet_Explorer_70_Windows.ZOOLU.UI.Layout" name="test layout throw exception" time="0.0050"/>
<testcase classname="Microsoft_Internet_Explorer_70_Windows.ZOOLU.UI.Layout" name="test layout.panel throw exception" time="0.0060"/>
<testcase classname="Microsoft_Internet_Explorer_70_Windows.ZOOLU.UI.Layout" name="test layout and layout.panel instantiation" time="0.0080">
<failure type="failed" message="[{&quot;message&quot;:&quot;Layout instantiation&quot;,&quot;name&quot;:&quot;AssertError&quot;,&quot;description&quot;:&quot;Layout instantiation&quot;}]">

</failure>
</testcase>
<testcase classname="Microsoft_Internet_Explorer_70_Windows.ZOOLU.UI.Layout" name="test layout update dimension" time="0.0060">
<failure type="failed" message="[{&quot;message&quot;:&quot;Layout instantiation&quot;,&quot;name&quot;:&quot;AssertError&quot;,&quot;description&quot;:&quot;Layout instantiation&quot;}]">

</failure>
</testcase>
<testcase classname="Microsoft_Internet_Explorer_70_Windows.ZOOLU.UI.Layout" name="test layout.panel minimize" time="0.0070">
<failure type="failed" message="[{&quot;message&quot;:&quot;Layout instantiation&quot;,&quot;name&quot;:&quot;AssertError&quot;,&quot;description&quot;:&quot;Layout instantiation&quot;}]">

</failure>
</testcase>
<testcase classname="Microsoft_Internet_Explorer_70_Windows.ZOOLU.UI.Layout" name="test layout.panel maximize" time="0.039"/>
<testcase classname="Microsoft_Internet_Explorer_70_Windows.ZOOLU.UI.Layout" name="test layout.panel resize" time="0.033"/>
<testcase classname="Microsoft_Internet_Explorer_70_Windows.ZOOLU.UI.Layout" name="test layout.panel minimizer click" time="0.0070">
<failure type="failed" message="[{&quot;message&quot;:&quot;Layout instantiation&quot;,&quot;name&quot;:&quot;AssertError&quot;,&quot;description&quot;:&quot;Layout instantiation&quot;}]">

</failure>
</testcase>
<testcase classname="Microsoft_Internet_Explorer_70_Windows.ZOOLU.UI.Layout" name="test layout.panel toggle handler events" time="0.0060">
<failure type="failed" message="[{&quot;message&quot;:&quot;Layout instantiation&quot;,&quot;name&quot;:&quot;AssertError&quot;,&quot;description&quot;:&quot;Layout instantiation&quot;}]">

</failure>
</testcase>
<testcase classname="Microsoft_Internet_Explorer_70_Windows.ZOOLU.UI.Layout" name="test layout.panel update dimension" time="0.022"/>
<testcase classname="Microsoft_Internet_Explorer_70_Windows.ZOOLU.UI.Layout" name="test layout.panel set position left" time="0.021"/>
<testcase classname="Microsoft_Internet_Explorer_70_Windows.ZOOLU.UI.Layout" name="test layout.panel set position top" time="0.024"/>
</testsuite>
