<?xml version="1.0" encoding="UTF-8"?>
<testsuite name="Chrome_190108452_Mac_OS.ZOOLU.UI" errors="0" failures="0" tests="4" time="0.033">
<testcase classname="Chrome_190108452_Mac_OS.ZOOLU.UI" name="test column tree instantiation" time="0.0010"/>
<testcase classname="Chrome_190108452_Mac_OS.ZOOLU.UI" name="test column tree load nodes" time="0.0080"/>
<testcase classname="Chrome_190108452_Mac_OS.ZOOLU.UI" name="test column tree select node" time="0.01"/>
<testcase classname="Chrome_190108452_Mac_OS.ZOOLU.UI" name="test column tree select nested node" time="0.014"/>
</testsuite>
