<?xml version="1.0" encoding="UTF-8"?>
<testsuite name="Chrome_190108452_Mac_OS.ZOOLU.MIXIN" errors="0" failures="0" tests="1" time="0.0">
<testcase classname="Chrome_190108452_Mac_OS.ZOOLU.MIXIN" name="test" time="0.0"/>
</testsuite>
