<?xml version="1.0" encoding="UTF-8"?>
<testsuite name="Firefox_120_Mac_OS.ZOOLU.UI.ButtonGroup" errors="0" failures="0" tests="7" time="0.17300001">
<testcase classname="Firefox_120_Mac_OS.ZOOLU.UI.ButtonGroup" name="test button group instantiation exception" time="0.0020"/>
<testcase classname="Firefox_120_Mac_OS.ZOOLU.UI.ButtonGroup" name="test button group instantiation" time="0.035"/>
<testcase classname="Firefox_120_Mac_OS.ZOOLU.UI.ButtonGroup" name="test button group buttons init" time="0.043"/>
<testcase classname="Firefox_120_Mac_OS.ZOOLU.UI.ButtonGroup" name="test button group callback init" time="0.023"/>
<testcase classname="Firefox_120_Mac_OS.ZOOLU.UI.ButtonGroup" name="test button group callback init exception" time="0.023"/>
<testcase classname="Firefox_120_Mac_OS.ZOOLU.UI.ButtonGroup" name="test button group callback init exception 2" time="0.024"/>
<testcase classname="Firefox_120_Mac_OS.ZOOLU.UI.ButtonGroup" name="test button group data toggle handler" time="0.023"/>
</testsuite>
