<?xml version="1.0" encoding="UTF-8"?>
<testsuite name="Safari_5345122_Mac_OS.ZOOLU" errors="0" failures="0" tests="1" time="0.0010">
<testcase classname="Safari_5345122_Mac_OS.ZOOLU" name="test version" time="0.0010"/>
</testsuite>
