<?xml version="1.0" encoding="UTF-8"?>
<testsuite name="Firefox_120_Mac_OS.ZOOLU.UI.Layout" errors="0" failures="0" tests="14" time="3.609">
<testcase classname="Firefox_120_Mac_OS.ZOOLU.UI.Layout" name="test layout throw exception" time="0.0030"/>
<testcase classname="Firefox_120_Mac_OS.ZOOLU.UI.Layout" name="test layout.panel throw exception" time="0.0030"/>
<testcase classname="Firefox_120_Mac_OS.ZOOLU.UI.Layout" name="test layout and layout.panel instantiation" time="0.235"/>
<testcase classname="Firefox_120_Mac_OS.ZOOLU.UI.Layout" name="test layout update dimension" time="0.199"/>
<testcase classname="Firefox_120_Mac_OS.ZOOLU.UI.Layout" name="test layout.panel add minimizer" time="0.474"/>
<testcase classname="Firefox_120_Mac_OS.ZOOLU.UI.Layout" name="test layout.panel apply stored dimensions" time="0.18"/>
<testcase classname="Firefox_120_Mac_OS.ZOOLU.UI.Layout" name="test layout.panel minimize" time="0.387"/>
<testcase classname="Firefox_120_Mac_OS.ZOOLU.UI.Layout" name="test layout.panel maximize" time="0.428"/>
<testcase classname="Firefox_120_Mac_OS.ZOOLU.UI.Layout" name="test layout.panel resize" time="0.431"/>
<testcase classname="Firefox_120_Mac_OS.ZOOLU.UI.Layout" name="test layout.panel minimizer click" time="0.548"/>
<testcase classname="Firefox_120_Mac_OS.ZOOLU.UI.Layout" name="test layout.panel toggle handler events" time="0.24"/>
<testcase classname="Firefox_120_Mac_OS.ZOOLU.UI.Layout" name="test layout.panel update dimension" time="0.161"/>
<testcase classname="Firefox_120_Mac_OS.ZOOLU.UI.Layout" name="test layout.panel set position left" time="0.149"/>
<testcase classname="Firefox_120_Mac_OS.ZOOLU.UI.Layout" name="test layout.panel set position top" time="0.171"/>
</testsuite>
