<?xml version="1.0" encoding="UTF-8"?>
<testsuite name="Microsoft_Internet_Explorer_70_Windows.ZOOLU" errors="0" failures="0" tests="1" time="0.0010">
<testcase classname="Microsoft_Internet_Explorer_70_Windows.ZOOLU" name="test version" time="0.0010"/>
</testsuite>
